2016-04-15 16:11:41: test 0: 'A2x\BlogBundle\Entity\Post Object
(
    [id:protected] => 1
    [title:protected] => first
    [description:protected] => first one
    [text:protected] => text ...
    [published:protected] => 1
    [created:protected] => DateTime Object
        (
            [date] => 2016-03-04 03:03:00.000000
            [timezone_type] => 3
            [timezone] => Europe/Helsinki
        )

    [updated:protected] => DateTime Object
        (
            [date] => 2016-03-07 08:07:00.000000
            [timezone_type] => 3
            [timezone] => Europe/Helsinki
        )

)
' 1: 'A2x\BlogBundle\Entity\Post Object
(
    [id:protected] => 2
    [title:protected] => Hello new
    [description:protected] => 3123 123  123
    [text:protected] => 222222233333
23
333
    [published:protected] => 1
    [created:protected] => DateTime Object
        (
            [date] => 2016-04-15 15:23:37.000000
            [timezone_type] => 3
            [timezone] => Europe/Helsinki
        )

    [updated:protected] => DateTime Object
        (
            [date] => 2016-04-15 15:23:58.000000
            [timezone_type] => 3
            [timezone] => Europe/Helsinki
        )

)
'
2016-04-15 17:23:17: test 0: 'A2x\BlogBundle\Entity\Post Object
(
    [id:protected] => 1
    [title:protected] => first
    [description:protected] => first one
    [text:protected] => text ...
    [published:protected] => 1
    [created:protected] => DateTime Object
        (
            [date] => 2016-03-04 03:03:00.000000
            [timezone_type] => 3
            [timezone] => Europe/Helsinki
        )

    [updated:protected] => DateTime Object
        (
            [date] => 2016-03-07 08:07:00.000000
            [timezone_type] => 3
            [timezone] => Europe/Helsinki
        )

)
' 1: 'A2x\BlogBundle\Entity\Post Object
(
    [id:protected] => 2
    [title:protected] => Hello new
    [description:protected] => 3123 123  123
    [text:protected] => 222222233333
23
333
    [published:protected] => 1
    [created:protected] => DateTime Object
        (
            [date] => 2016-04-15 15:23:37.000000
            [timezone_type] => 3
            [timezone] => Europe/Helsinki
        )

    [updated:protected] => DateTime Object
        (
            [date] => 2016-04-15 15:23:58.000000
            [timezone_type] => 3
            [timezone] => Europe/Helsinki
        )

)
'
2016-04-15 17:35:04: test 0: 'A2x\BlogBundle\Entity\Post Object
(
    [id:protected] => 1
    [title:protected] => first
    [description:protected] => first one
    [text:protected] => text ...
    [published:protected] => 1
    [created:protected] => DateTime Object
        (
            [date] => 2016-03-04 03:03:00.000000
            [timezone_type] => 3
            [timezone] => Europe/Helsinki
        )

    [updated:protected] => DateTime Object
        (
            [date] => 2016-03-07 08:07:00.000000
            [timezone_type] => 3
            [timezone] => Europe/Helsinki
        )

)
' 1: 'A2x\BlogBundle\Entity\Post Object
(
    [id:protected] => 2
    [title:protected] => Hello new
    [description:protected] => 3123 123  123
    [text:protected] => 222222233333
23
333
    [published:protected] => 1
    [created:protected] => DateTime Object
        (
            [date] => 2016-04-15 15:23:37.000000
            [timezone_type] => 3
            [timezone] => Europe/Helsinki
        )

    [updated:protected] => DateTime Object
        (
            [date] => 2016-04-15 15:23:58.000000
            [timezone_type] => 3
            [timezone] => Europe/Helsinki
        )

)
'
2016-04-15 17:38:13: test 0: 'A2x\BlogBundle\Entity\Post Object
(
    [id:protected] => 1
    [title:protected] => first
    [description:protected] => first one
    [text:protected] => text ...
    [published:protected] => 1
    [created:protected] => DateTime Object
        (
            [date] => 2016-03-04 03:03:00.000000
            [timezone_type] => 3
            [timezone] => Europe/Helsinki
        )

    [updated:protected] => DateTime Object
        (
            [date] => 2016-03-07 08:07:00.000000
            [timezone_type] => 3
            [timezone] => Europe/Helsinki
        )

)
' 1: 'A2x\BlogBundle\Entity\Post Object
(
    [id:protected] => 2
    [title:protected] => Hello new
    [description:protected] => 3123 123  123
    [text:protected] => 222222233333
23
333
    [published:protected] => 1
    [created:protected] => DateTime Object
        (
            [date] => 2016-04-15 15:23:37.000000
            [timezone_type] => 3
            [timezone] => Europe/Helsinki
        )

    [updated:protected] => DateTime Object
        (
            [date] => 2016-04-15 15:23:58.000000
            [timezone_type] => 3
            [timezone] => Europe/Helsinki
        )

)
'
2016-04-15 18:27:15: test 0: 'A2x\BlogBundle\Entity\Post Object
(
    [id:protected] => 1
    [title:protected] => first
    [description:protected] => first one
    [text:protected] => text ...
    [published:protected] => 1
    [created:protected] => DateTime Object
        (
            [date] => 2016-03-04 03:03:00.000000
            [timezone_type] => 3
            [timezone] => Europe/Helsinki
        )

    [updated:protected] => DateTime Object
        (
            [date] => 2016-03-07 08:07:00.000000
            [timezone_type] => 3
            [timezone] => Europe/Helsinki
        )

)
' 1: 'A2x\BlogBundle\Entity\Post Object
(
    [id:protected] => 2
    [title:protected] => Hello new
    [description:protected] => 3123 123  123
    [text:protected] => 222222233333
23
333
    [published:protected] => 1
    [created:protected] => DateTime Object
        (
            [date] => 2016-04-15 15:23:37.000000
            [timezone_type] => 3
            [timezone] => Europe/Helsinki
        )

    [updated:protected] => DateTime Object
        (
            [date] => 2016-04-15 15:23:58.000000
            [timezone_type] => 3
            [timezone] => Europe/Helsinki
        )

)
'
2016-04-15 18:27:17: test 0: 'A2x\BlogBundle\Entity\Post Object
(
    [id:protected] => 1
    [title:protected] => first
    [description:protected] => first one
    [text:protected] => text ...
    [published:protected] => 1
    [created:protected] => DateTime Object
        (
            [date] => 2016-03-04 03:03:00.000000
            [timezone_type] => 3
            [timezone] => Europe/Helsinki
        )

    [updated:protected] => DateTime Object
        (
            [date] => 2016-03-07 08:07:00.000000
            [timezone_type] => 3
            [timezone] => Europe/Helsinki
        )

)
' 1: 'A2x\BlogBundle\Entity\Post Object
(
    [id:protected] => 2
    [title:protected] => Hello new
    [description:protected] => 3123 123  123
    [text:protected] => 222222233333
23
333
    [published:protected] => 1
    [created:protected] => DateTime Object
        (
            [date] => 2016-04-15 15:23:37.000000
            [timezone_type] => 3
            [timezone] => Europe/Helsinki
        )

    [updated:protected] => DateTime Object
        (
            [date] => 2016-04-15 15:23:58.000000
            [timezone_type] => 3
            [timezone] => Europe/Helsinki
        )

)
'
2016-04-15 18:27:20: test 0: 'A2x\BlogBundle\Entity\Post Object
(
    [id:protected] => 1
    [title:protected] => first
    [description:protected] => first one
    [text:protected] => text ...
    [published:protected] => 1
    [created:protected] => DateTime Object
        (
            [date] => 2016-03-04 03:03:00.000000
            [timezone_type] => 3
            [timezone] => Europe/Helsinki
        )

    [updated:protected] => DateTime Object
        (
            [date] => 2016-03-07 08:07:00.000000
            [timezone_type] => 3
            [timezone] => Europe/Helsinki
        )

)
' 1: 'A2x\BlogBundle\Entity\Post Object
(
    [id:protected] => 2
    [title:protected] => Hello new
    [description:protected] => 3123 123  123
    [text:protected] => 222222233333
23
333
    [published:protected] => 1
    [created:protected] => DateTime Object
        (
            [date] => 2016-04-15 15:23:37.000000
            [timezone_type] => 3
            [timezone] => Europe/Helsinki
        )

    [updated:protected] => DateTime Object
        (
            [date] => 2016-04-15 15:23:58.000000
            [timezone_type] => 3
            [timezone] => Europe/Helsinki
        )

)
'
2016-04-15 18:27:21: test 0: 'A2x\BlogBundle\Entity\Post Object
(
    [id:protected] => 1
    [title:protected] => first
    [description:protected] => first one
    [text:protected] => text ...
    [published:protected] => 1
    [created:protected] => DateTime Object
        (
            [date] => 2016-03-04 03:03:00.000000
            [timezone_type] => 3
            [timezone] => Europe/Helsinki
        )

    [updated:protected] => DateTime Object
        (
            [date] => 2016-03-07 08:07:00.000000
            [timezone_type] => 3
            [timezone] => Europe/Helsinki
        )

)
' 1: 'A2x\BlogBundle\Entity\Post Object
(
    [id:protected] => 2
    [title:protected] => Hello new
    [description:protected] => 3123 123  123
    [text:protected] => 222222233333
23
333
    [published:protected] => 1
    [created:protected] => DateTime Object
        (
            [date] => 2016-04-15 15:23:37.000000
            [timezone_type] => 3
            [timezone] => Europe/Helsinki
        )

    [updated:protected] => DateTime Object
        (
            [date] => 2016-04-15 15:23:58.000000
            [timezone_type] => 3
            [timezone] => Europe/Helsinki
        )

)
'
2016-04-15 18:27:22: test 0: 'A2x\BlogBundle\Entity\Post Object
(
    [id:protected] => 1
    [title:protected] => first
    [description:protected] => first one
    [text:protected] => text ...
    [published:protected] => 1
    [created:protected] => DateTime Object
        (
            [date] => 2016-03-04 03:03:00.000000
            [timezone_type] => 3
            [timezone] => Europe/Helsinki
        )

    [updated:protected] => DateTime Object
        (
            [date] => 2016-03-07 08:07:00.000000
            [timezone_type] => 3
            [timezone] => Europe/Helsinki
        )

)
' 1: 'A2x\BlogBundle\Entity\Post Object
(
    [id:protected] => 2
    [title:protected] => Hello new
    [description:protected] => 3123 123  123
    [text:protected] => 222222233333
23
333
    [published:protected] => 1
    [created:protected] => DateTime Object
        (
            [date] => 2016-04-15 15:23:37.000000
            [timezone_type] => 3
            [timezone] => Europe/Helsinki
        )

    [updated:protected] => DateTime Object
        (
            [date] => 2016-04-15 15:23:58.000000
            [timezone_type] => 3
            [timezone] => Europe/Helsinki
        )

)
'
2016-04-15 18:27:23: test 0: 'A2x\BlogBundle\Entity\Post Object
(
    [id:protected] => 1
    [title:protected] => first
    [description:protected] => first one
    [text:protected] => text ...
    [published:protected] => 1
    [created:protected] => DateTime Object
        (
            [date] => 2016-03-04 03:03:00.000000
            [timezone_type] => 3
            [timezone] => Europe/Helsinki
        )

    [updated:protected] => DateTime Object
        (
            [date] => 2016-03-07 08:07:00.000000
            [timezone_type] => 3
            [timezone] => Europe/Helsinki
        )

)
' 1: 'A2x\BlogBundle\Entity\Post Object
(
    [id:protected] => 2
    [title:protected] => Hello new
    [description:protected] => 3123 123  123
    [text:protected] => 222222233333
23
333
    [published:protected] => 1
    [created:protected] => DateTime Object
        (
            [date] => 2016-04-15 15:23:37.000000
            [timezone_type] => 3
            [timezone] => Europe/Helsinki
        )

    [updated:protected] => DateTime Object
        (
            [date] => 2016-04-15 15:23:58.000000
            [timezone_type] => 3
            [timezone] => Europe/Helsinki
        )

)
'
2016-04-15 18:27:24: test 0: 'A2x\BlogBundle\Entity\Post Object
(
    [id:protected] => 1
    [title:protected] => first
    [description:protected] => first one
    [text:protected] => text ...
    [published:protected] => 1
    [created:protected] => DateTime Object
        (
            [date] => 2016-03-04 03:03:00.000000
            [timezone_type] => 3
            [timezone] => Europe/Helsinki
        )

    [updated:protected] => DateTime Object
        (
            [date] => 2016-03-07 08:07:00.000000
            [timezone_type] => 3
            [timezone] => Europe/Helsinki
        )

)
' 1: 'A2x\BlogBundle\Entity\Post Object
(
    [id:protected] => 2
    [title:protected] => Hello new
    [description:protected] => 3123 123  123
    [text:protected] => 222222233333
23
333
    [published:protected] => 1
    [created:protected] => DateTime Object
        (
            [date] => 2016-04-15 15:23:37.000000
            [timezone_type] => 3
            [timezone] => Europe/Helsinki
        )

    [updated:protected] => DateTime Object
        (
            [date] => 2016-04-15 15:23:58.000000
            [timezone_type] => 3
            [timezone] => Europe/Helsinki
        )

)
'
2016-04-15 18:27:30: test 0: 'A2x\BlogBundle\Entity\Post Object
(
    [id:protected] => 1
    [title:protected] => first
    [description:protected] => first one
    [text:protected] => text ...
    [published:protected] => 1
    [created:protected] => DateTime Object
        (
            [date] => 2016-03-04 03:03:00.000000
            [timezone_type] => 3
            [timezone] => Europe/Helsinki
        )

    [updated:protected] => DateTime Object
        (
            [date] => 2016-03-07 08:07:00.000000
            [timezone_type] => 3
            [timezone] => Europe/Helsinki
        )

)
' 1: 'A2x\BlogBundle\Entity\Post Object
(
    [id:protected] => 2
    [title:protected] => Hello new
    [description:protected] => 3123 123  123
    [text:protected] => 222222233333
23
333
    [published:protected] => 1
    [created:protected] => DateTime Object
        (
            [date] => 2016-04-15 15:23:37.000000
            [timezone_type] => 3
            [timezone] => Europe/Helsinki
        )

    [updated:protected] => DateTime Object
        (
            [date] => 2016-04-15 15:23:58.000000
            [timezone_type] => 3
            [timezone] => Europe/Helsinki
        )

)
'
2016-04-15 18:27:32: test 0: 'A2x\BlogBundle\Entity\Post Object
(
    [id:protected] => 1
    [title:protected] => first
    [description:protected] => first one
    [text:protected] => text ...
    [published:protected] => 1
    [created:protected] => DateTime Object
        (
            [date] => 2016-03-04 03:03:00.000000
            [timezone_type] => 3
            [timezone] => Europe/Helsinki
        )

    [updated:protected] => DateTime Object
        (
            [date] => 2016-03-07 08:07:00.000000
            [timezone_type] => 3
            [timezone] => Europe/Helsinki
        )

)
' 1: 'A2x\BlogBundle\Entity\Post Object
(
    [id:protected] => 2
    [title:protected] => Hello new
    [description:protected] => 3123 123  123
    [text:protected] => 222222233333
23
333
    [published:protected] => 1
    [created:protected] => DateTime Object
        (
            [date] => 2016-04-15 15:23:37.000000
            [timezone_type] => 3
            [timezone] => Europe/Helsinki
        )

    [updated:protected] => DateTime Object
        (
            [date] => 2016-04-15 15:23:58.000000
            [timezone_type] => 3
            [timezone] => Europe/Helsinki
        )

)
'
2016-04-15 18:27:33: test 0: 'A2x\BlogBundle\Entity\Post Object
(
    [id:protected] => 1
    [title:protected] => first
    [description:protected] => first one
    [text:protected] => text ...
    [published:protected] => 1
    [created:protected] => DateTime Object
        (
            [date] => 2016-03-04 03:03:00.000000
            [timezone_type] => 3
            [timezone] => Europe/Helsinki
        )

    [updated:protected] => DateTime Object
        (
            [date] => 2016-03-07 08:07:00.000000
            [timezone_type] => 3
            [timezone] => Europe/Helsinki
        )

)
' 1: 'A2x\BlogBundle\Entity\Post Object
(
    [id:protected] => 2
    [title:protected] => Hello new
    [description:protected] => 3123 123  123
    [text:protected] => 222222233333
23
333
    [published:protected] => 1
    [created:protected] => DateTime Object
        (
            [date] => 2016-04-15 15:23:37.000000
            [timezone_type] => 3
            [timezone] => Europe/Helsinki
        )

    [updated:protected] => DateTime Object
        (
            [date] => 2016-04-15 15:23:58.000000
            [timezone_type] => 3
            [timezone] => Europe/Helsinki
        )

)
'
2016-04-15 18:27:34: test 0: 'A2x\BlogBundle\Entity\Post Object
(
    [id:protected] => 1
    [title:protected] => first
    [description:protected] => first one
    [text:protected] => text ...
    [published:protected] => 1
    [created:protected] => DateTime Object
        (
            [date] => 2016-03-04 03:03:00.000000
            [timezone_type] => 3
            [timezone] => Europe/Helsinki
        )

    [updated:protected] => DateTime Object
        (
            [date] => 2016-03-07 08:07:00.000000
            [timezone_type] => 3
            [timezone] => Europe/Helsinki
        )

)
' 1: 'A2x\BlogBundle\Entity\Post Object
(
    [id:protected] => 2
    [title:protected] => Hello new
    [description:protected] => 3123 123  123
    [text:protected] => 222222233333
23
333
    [published:protected] => 1
    [created:protected] => DateTime Object
        (
            [date] => 2016-04-15 15:23:37.000000
            [timezone_type] => 3
            [timezone] => Europe/Helsinki
        )

    [updated:protected] => DateTime Object
        (
            [date] => 2016-04-15 15:23:58.000000
            [timezone_type] => 3
            [timezone] => Europe/Helsinki
        )

)
'
2016-04-15 18:27:35: test 0: 'A2x\BlogBundle\Entity\Post Object
(
    [id:protected] => 1
    [title:protected] => first
    [description:protected] => first one
    [text:protected] => text ...
    [published:protected] => 1
    [created:protected] => DateTime Object
        (
            [date] => 2016-03-04 03:03:00.000000
            [timezone_type] => 3
            [timezone] => Europe/Helsinki
        )

    [updated:protected] => DateTime Object
        (
            [date] => 2016-03-07 08:07:00.000000
            [timezone_type] => 3
            [timezone] => Europe/Helsinki
        )

)
' 1: 'A2x\BlogBundle\Entity\Post Object
(
    [id:protected] => 2
    [title:protected] => Hello new
    [description:protected] => 3123 123  123
    [text:protected] => 222222233333
23
333
    [published:protected] => 1
    [created:protected] => DateTime Object
        (
            [date] => 2016-04-15 15:23:37.000000
            [timezone_type] => 3
            [timezone] => Europe/Helsinki
        )

    [updated:protected] => DateTime Object
        (
            [date] => 2016-04-15 15:23:58.000000
            [timezone_type] => 3
            [timezone] => Europe/Helsinki
        )

)
'
2016-04-15 18:27:35: test 0: 'A2x\BlogBundle\Entity\Post Object
(
    [id:protected] => 1
    [title:protected] => first
    [description:protected] => first one
    [text:protected] => text ...
    [published:protected] => 1
    [created:protected] => DateTime Object
        (
            [date] => 2016-03-04 03:03:00.000000
            [timezone_type] => 3
            [timezone] => Europe/Helsinki
        )

    [updated:protected] => DateTime Object
        (
            [date] => 2016-03-07 08:07:00.000000
            [timezone_type] => 3
            [timezone] => Europe/Helsinki
        )

)
' 1: 'A2x\BlogBundle\Entity\Post Object
(
    [id:protected] => 2
    [title:protected] => Hello new
    [description:protected] => 3123 123  123
    [text:protected] => 222222233333
23
333
    [published:protected] => 1
    [created:protected] => DateTime Object
        (
            [date] => 2016-04-15 15:23:37.000000
            [timezone_type] => 3
            [timezone] => Europe/Helsinki
        )

    [updated:protected] => DateTime Object
        (
            [date] => 2016-04-15 15:23:58.000000
            [timezone_type] => 3
            [timezone] => Europe/Helsinki
        )

)
'
2016-04-15 18:27:36: test 0: 'A2x\BlogBundle\Entity\Post Object
(
    [id:protected] => 1
    [title:protected] => first
    [description:protected] => first one
    [text:protected] => text ...
    [published:protected] => 1
    [created:protected] => DateTime Object
        (
            [date] => 2016-03-04 03:03:00.000000
            [timezone_type] => 3
            [timezone] => Europe/Helsinki
        )

    [updated:protected] => DateTime Object
        (
            [date] => 2016-03-07 08:07:00.000000
            [timezone_type] => 3
            [timezone] => Europe/Helsinki
        )

)
' 1: 'A2x\BlogBundle\Entity\Post Object
(
    [id:protected] => 2
    [title:protected] => Hello new
    [description:protected] => 3123 123  123
    [text:protected] => 222222233333
23
333
    [published:protected] => 1
    [created:protected] => DateTime Object
        (
            [date] => 2016-04-15 15:23:37.000000
            [timezone_type] => 3
            [timezone] => Europe/Helsinki
        )

    [updated:protected] => DateTime Object
        (
            [date] => 2016-04-15 15:23:58.000000
            [timezone_type] => 3
            [timezone] => Europe/Helsinki
        )

)
'
2016-04-15 18:27:37: test 0: 'A2x\BlogBundle\Entity\Post Object
(
    [id:protected] => 1
    [title:protected] => first
    [description:protected] => first one
    [text:protected] => text ...
    [published:protected] => 1
    [created:protected] => DateTime Object
        (
            [date] => 2016-03-04 03:03:00.000000
            [timezone_type] => 3
            [timezone] => Europe/Helsinki
        )

    [updated:protected] => DateTime Object
        (
            [date] => 2016-03-07 08:07:00.000000
            [timezone_type] => 3
            [timezone] => Europe/Helsinki
        )

)
' 1: 'A2x\BlogBundle\Entity\Post Object
(
    [id:protected] => 2
    [title:protected] => Hello new
    [description:protected] => 3123 123  123
    [text:protected] => 222222233333
23
333
    [published:protected] => 1
    [created:protected] => DateTime Object
        (
            [date] => 2016-04-15 15:23:37.000000
            [timezone_type] => 3
            [timezone] => Europe/Helsinki
        )

    [updated:protected] => DateTime Object
        (
            [date] => 2016-04-15 15:23:58.000000
            [timezone_type] => 3
            [timezone] => Europe/Helsinki
        )

)
'
2016-04-15 18:27:38: test 0: 'A2x\BlogBundle\Entity\Post Object
(
    [id:protected] => 1
    [title:protected] => first
    [description:protected] => first one
    [text:protected] => text ...
    [published:protected] => 1
    [created:protected] => DateTime Object
        (
            [date] => 2016-03-04 03:03:00.000000
            [timezone_type] => 3
            [timezone] => Europe/Helsinki
        )

    [updated:protected] => DateTime Object
        (
            [date] => 2016-03-07 08:07:00.000000
            [timezone_type] => 3
            [timezone] => Europe/Helsinki
        )

)
' 1: 'A2x\BlogBundle\Entity\Post Object
(
    [id:protected] => 2
    [title:protected] => Hello new
    [description:protected] => 3123 123  123
    [text:protected] => 222222233333
23
333
    [published:protected] => 1
    [created:protected] => DateTime Object
        (
            [date] => 2016-04-15 15:23:37.000000
            [timezone_type] => 3
            [timezone] => Europe/Helsinki
        )

    [updated:protected] => DateTime Object
        (
            [date] => 2016-04-15 15:23:58.000000
            [timezone_type] => 3
            [timezone] => Europe/Helsinki
        )

)
'
2016-04-15 18:27:38: test 0: 'A2x\BlogBundle\Entity\Post Object
(
    [id:protected] => 1
    [title:protected] => first
    [description:protected] => first one
    [text:protected] => text ...
    [published:protected] => 1
    [created:protected] => DateTime Object
        (
            [date] => 2016-03-04 03:03:00.000000
            [timezone_type] => 3
            [timezone] => Europe/Helsinki
        )

    [updated:protected] => DateTime Object
        (
            [date] => 2016-03-07 08:07:00.000000
            [timezone_type] => 3
            [timezone] => Europe/Helsinki
        )

)
' 1: 'A2x\BlogBundle\Entity\Post Object
(
    [id:protected] => 2
    [title:protected] => Hello new
    [description:protected] => 3123 123  123
    [text:protected] => 222222233333
23
333
    [published:protected] => 1
    [created:protected] => DateTime Object
        (
            [date] => 2016-04-15 15:23:37.000000
            [timezone_type] => 3
            [timezone] => Europe/Helsinki
        )

    [updated:protected] => DateTime Object
        (
            [date] => 2016-04-15 15:23:58.000000
            [timezone_type] => 3
            [timezone] => Europe/Helsinki
        )

)
'
2016-04-15 18:27:39: test 0: 'A2x\BlogBundle\Entity\Post Object
(
    [id:protected] => 1
    [title:protected] => first
    [description:protected] => first one
    [text:protected] => text ...
    [published:protected] => 1
    [created:protected] => DateTime Object
        (
            [date] => 2016-03-04 03:03:00.000000
            [timezone_type] => 3
            [timezone] => Europe/Helsinki
        )

    [updated:protected] => DateTime Object
        (
            [date] => 2016-03-07 08:07:00.000000
            [timezone_type] => 3
            [timezone] => Europe/Helsinki
        )

)
' 1: 'A2x\BlogBundle\Entity\Post Object
(
    [id:protected] => 2
    [title:protected] => Hello new
    [description:protected] => 3123 123  123
    [text:protected] => 222222233333
23
333
    [published:protected] => 1
    [created:protected] => DateTime Object
        (
            [date] => 2016-04-15 15:23:37.000000
            [timezone_type] => 3
            [timezone] => Europe/Helsinki
        )

    [updated:protected] => DateTime Object
        (
            [date] => 2016-04-15 15:23:58.000000
            [timezone_type] => 3
            [timezone] => Europe/Helsinki
        )

)
'
2016-04-15 18:27:40: test 0: 'A2x\BlogBundle\Entity\Post Object
(
    [id:protected] => 1
    [title:protected] => first
    [description:protected] => first one
    [text:protected] => text ...
    [published:protected] => 1
    [created:protected] => DateTime Object
        (
            [date] => 2016-03-04 03:03:00.000000
            [timezone_type] => 3
            [timezone] => Europe/Helsinki
        )

    [updated:protected] => DateTime Object
        (
            [date] => 2016-03-07 08:07:00.000000
            [timezone_type] => 3
            [timezone] => Europe/Helsinki
        )

)
' 1: 'A2x\BlogBundle\Entity\Post Object
(
    [id:protected] => 2
    [title:protected] => Hello new
    [description:protected] => 3123 123  123
    [text:protected] => 222222233333
23
333
    [published:protected] => 1
    [created:protected] => DateTime Object
        (
            [date] => 2016-04-15 15:23:37.000000
            [timezone_type] => 3
            [timezone] => Europe/Helsinki
        )

    [updated:protected] => DateTime Object
        (
            [date] => 2016-04-15 15:23:58.000000
            [timezone_type] => 3
            [timezone] => Europe/Helsinki
        )

)
'
2016-04-15 18:27:41: test 0: 'A2x\BlogBundle\Entity\Post Object
(
    [id:protected] => 1
    [title:protected] => first
    [description:protected] => first one
    [text:protected] => text ...
    [published:protected] => 1
    [created:protected] => DateTime Object
        (
            [date] => 2016-03-04 03:03:00.000000
            [timezone_type] => 3
            [timezone] => Europe/Helsinki
        )

    [updated:protected] => DateTime Object
        (
            [date] => 2016-03-07 08:07:00.000000
            [timezone_type] => 3
            [timezone] => Europe/Helsinki
        )

)
' 1: 'A2x\BlogBundle\Entity\Post Object
(
    [id:protected] => 2
    [title:protected] => Hello new
    [description:protected] => 3123 123  123
    [text:protected] => 222222233333
23
333
    [published:protected] => 1
    [created:protected] => DateTime Object
        (
            [date] => 2016-04-15 15:23:37.000000
            [timezone_type] => 3
            [timezone] => Europe/Helsinki
        )

    [updated:protected] => DateTime Object
        (
            [date] => 2016-04-15 15:23:58.000000
            [timezone_type] => 3
            [timezone] => Europe/Helsinki
        )

)
'
2016-04-15 18:27:42: test 0: 'A2x\BlogBundle\Entity\Post Object
(
    [id:protected] => 1
    [title:protected] => first
    [description:protected] => first one
    [text:protected] => text ...
    [published:protected] => 1
    [created:protected] => DateTime Object
        (
            [date] => 2016-03-04 03:03:00.000000
            [timezone_type] => 3
            [timezone] => Europe/Helsinki
        )

    [updated:protected] => DateTime Object
        (
            [date] => 2016-03-07 08:07:00.000000
            [timezone_type] => 3
            [timezone] => Europe/Helsinki
        )

)
' 1: 'A2x\BlogBundle\Entity\Post Object
(
    [id:protected] => 2
    [title:protected] => Hello new
    [description:protected] => 3123 123  123
    [text:protected] => 222222233333
23
333
    [published:protected] => 1
    [created:protected] => DateTime Object
        (
            [date] => 2016-04-15 15:23:37.000000
            [timezone_type] => 3
            [timezone] => Europe/Helsinki
        )

    [updated:protected] => DateTime Object
        (
            [date] => 2016-04-15 15:23:58.000000
            [timezone_type] => 3
            [timezone] => Europe/Helsinki
        )

)
'
2016-04-15 18:27:57: test 0: 'A2x\BlogBundle\Entity\Post Object
(
    [id:protected] => 1
    [title:protected] => first
    [description:protected] => first one
    [text:protected] => text ...
    [published:protected] => 1
    [created:protected] => DateTime Object
        (
            [date] => 2016-03-04 03:03:00.000000
            [timezone_type] => 3
            [timezone] => Europe/Helsinki
        )

    [updated:protected] => DateTime Object
        (
            [date] => 2016-03-07 08:07:00.000000
            [timezone_type] => 3
            [timezone] => Europe/Helsinki
        )

)
' 1: 'A2x\BlogBundle\Entity\Post Object
(
    [id:protected] => 2
    [title:protected] => Hello new
    [description:protected] => 3123 123  123
    [text:protected] => 222222233333
23
333
    [published:protected] => 1
    [created:protected] => DateTime Object
        (
            [date] => 2016-04-15 15:23:37.000000
            [timezone_type] => 3
            [timezone] => Europe/Helsinki
        )

    [updated:protected] => DateTime Object
        (
            [date] => 2016-04-15 15:23:58.000000
            [timezone_type] => 3
            [timezone] => Europe/Helsinki
        )

)
'
2016-04-15 18:28:00: test 0: 'A2x\BlogBundle\Entity\Post Object
(
    [id:protected] => 1
    [title:protected] => first
    [description:protected] => first one
    [text:protected] => text ...
    [published:protected] => 1
    [created:protected] => DateTime Object
        (
            [date] => 2016-03-04 03:03:00.000000
            [timezone_type] => 3
            [timezone] => Europe/Helsinki
        )

    [updated:protected] => DateTime Object
        (
            [date] => 2016-03-07 08:07:00.000000
            [timezone_type] => 3
            [timezone] => Europe/Helsinki
        )

)
' 1: 'A2x\BlogBundle\Entity\Post Object
(
    [id:protected] => 2
    [title:protected] => Hello new
    [description:protected] => 3123 123  123
    [text:protected] => 222222233333
23
333
    [published:protected] => 1
    [created:protected] => DateTime Object
        (
            [date] => 2016-04-15 15:23:37.000000
            [timezone_type] => 3
            [timezone] => Europe/Helsinki
        )

    [updated:protected] => DateTime Object
        (
            [date] => 2016-04-15 15:23:58.000000
            [timezone_type] => 3
            [timezone] => Europe/Helsinki
        )

)
'
2016-04-15 18:28:04: test 0: 'A2x\BlogBundle\Entity\Post Object
(
    [id:protected] => 1
    [title:protected] => first
    [description:protected] => first one
    [text:protected] => text ...
    [published:protected] => 1
    [created:protected] => DateTime Object
        (
            [date] => 2016-03-04 03:03:00.000000
            [timezone_type] => 3
            [timezone] => Europe/Helsinki
        )

    [updated:protected] => DateTime Object
        (
            [date] => 2016-03-07 08:07:00.000000
            [timezone_type] => 3
            [timezone] => Europe/Helsinki
        )

)
' 1: 'A2x\BlogBundle\Entity\Post Object
(
    [id:protected] => 2
    [title:protected] => Hello new
    [description:protected] => 3123 123  123
    [text:protected] => 222222233333
23
333
    [published:protected] => 1
    [created:protected] => DateTime Object
        (
            [date] => 2016-04-15 15:23:37.000000
            [timezone_type] => 3
            [timezone] => Europe/Helsinki
        )

    [updated:protected] => DateTime Object
        (
            [date] => 2016-04-15 15:23:58.000000
            [timezone_type] => 3
            [timezone] => Europe/Helsinki
        )

)
'
2016-04-15 19:08:26: test 0: 'A2x\BlogBundle\Entity\Post Object
(
    [id:protected] => 1
    [title:protected] => first
    [description:protected] => first one
    [text:protected] => text ...
    [published:protected] => 1
    [created:protected] => DateTime Object
        (
            [date] => 2016-03-04 03:03:00.000000
            [timezone_type] => 3
            [timezone] => Europe/Helsinki
        )

    [updated:protected] => DateTime Object
        (
            [date] => 2016-03-07 08:07:00.000000
            [timezone_type] => 3
            [timezone] => Europe/Helsinki
        )

)
' 1: 'A2x\BlogBundle\Entity\Post Object
(
    [id:protected] => 2
    [title:protected] => Hello new
    [description:protected] => 3123 123  123
    [text:protected] => 222222233333
23
333
    [published:protected] => 1
    [created:protected] => DateTime Object
        (
            [date] => 2016-04-15 15:23:37.000000
            [timezone_type] => 3
            [timezone] => Europe/Helsinki
        )

    [updated:protected] => DateTime Object
        (
            [date] => 2016-04-15 15:23:58.000000
            [timezone_type] => 3
            [timezone] => Europe/Helsinki
        )

)
'
2016-04-15 19:24:27: test 0: 'A2x\BlogBundle\Entity\Post Object
(
    [id:protected] => 1
    [title:protected] => first
    [description:protected] => first one
    [text:protected] => text ...
    [published:protected] => 1
    [created:protected] => DateTime Object
        (
            [date] => 2016-03-04 03:03:00.000000
            [timezone_type] => 3
            [timezone] => Europe/Helsinki
        )

    [updated:protected] => DateTime Object
        (
            [date] => 2016-03-07 08:07:00.000000
            [timezone_type] => 3
            [timezone] => Europe/Helsinki
        )

)
' 1: 'A2x\BlogBundle\Entity\Post Object
(
    [id:protected] => 2
    [title:protected] => Hello new
    [description:protected] => 3123 123  123
    [text:protected] => 222222233333
23
333
    [published:protected] => 1
    [created:protected] => DateTime Object
        (
            [date] => 2016-04-15 15:23:37.000000
            [timezone_type] => 3
            [timezone] => Europe/Helsinki
        )

    [updated:protected] => DateTime Object
        (
            [date] => 2016-04-15 15:23:58.000000
            [timezone_type] => 3
            [timezone] => Europe/Helsinki
        )

)
'
2016-04-15 19:24:42: test 0: 'A2x\BlogBundle\Entity\Post Object
(
    [id:protected] => 1
    [title:protected] => first
    [description:protected] => first one
    [text:protected] => text ...
    [published:protected] => 1
    [created:protected] => DateTime Object
        (
            [date] => 2016-03-04 03:03:00.000000
            [timezone_type] => 3
            [timezone] => Europe/Helsinki
        )

    [updated:protected] => DateTime Object
        (
            [date] => 2016-03-07 08:07:00.000000
            [timezone_type] => 3
            [timezone] => Europe/Helsinki
        )

)
' 1: 'A2x\BlogBundle\Entity\Post Object
(
    [id:protected] => 2
    [title:protected] => Hello new
    [description:protected] => 3123 123  123
    [text:protected] => 222222233333
23
333
    [published:protected] => 1
    [created:protected] => DateTime Object
        (
            [date] => 2016-04-15 15:23:37.000000
            [timezone_type] => 3
            [timezone] => Europe/Helsinki
        )

    [updated:protected] => DateTime Object
        (
            [date] => 2016-04-15 15:23:58.000000
            [timezone_type] => 3
            [timezone] => Europe/Helsinki
        )

)
'
2016-04-15 19:34:15: test 0: 'A2x\BlogBundle\Entity\Post Object
(
    [id:protected] => 1
    [title:protected] => first
    [description:protected] => first one
    [text:protected] => text ...
    [published:protected] => 1
    [created:protected] => DateTime Object
        (
            [date] => 2016-03-04 03:03:00.000000
            [timezone_type] => 3
            [timezone] => Europe/Helsinki
        )

    [updated:protected] => DateTime Object
        (
            [date] => 2016-03-07 08:07:00.000000
            [timezone_type] => 3
            [timezone] => Europe/Helsinki
        )

)
' 1: 'A2x\BlogBundle\Entity\Post Object
(
    [id:protected] => 2
    [title:protected] => Hello new
    [description:protected] => 3123 123  123
    [text:protected] => 222222233333
23
333
    [published:protected] => 1
    [created:protected] => DateTime Object
        (
            [date] => 2016-04-15 15:23:37.000000
            [timezone_type] => 3
            [timezone] => Europe/Helsinki
        )

    [updated:protected] => DateTime Object
        (
            [date] => 2016-04-15 15:23:58.000000
            [timezone_type] => 3
            [timezone] => Europe/Helsinki
        )

)
'
2016-04-15 19:39:48: test 0: 'A2x\BlogBundle\Entity\Post Object
(
    [id:protected] => 1
    [title:protected] => first
    [description:protected] => first one
    [text:protected] => text ...
    [published:protected] => 1
    [created:protected] => DateTime Object
        (
            [date] => 2016-03-04 03:03:00.000000
            [timezone_type] => 3
            [timezone] => Europe/Helsinki
        )

    [updated:protected] => DateTime Object
        (
            [date] => 2016-03-07 08:07:00.000000
            [timezone_type] => 3
            [timezone] => Europe/Helsinki
        )

)
' 1: 'A2x\BlogBundle\Entity\Post Object
(
    [id:protected] => 2
    [title:protected] => Hello new
    [description:protected] => 3123 123  123
    [text:protected] => 222222233333
23
333
    [published:protected] => 1
    [created:protected] => DateTime Object
        (
            [date] => 2016-04-15 15:23:37.000000
            [timezone_type] => 3
            [timezone] => Europe/Helsinki
        )

    [updated:protected] => DateTime Object
        (
            [date] => 2016-04-15 15:23:58.000000
            [timezone_type] => 3
            [timezone] => Europe/Helsinki
        )

)
'
2016-04-15 19:40:41: test 0: 'A2x\BlogBundle\Entity\Post Object
(
    [id:protected] => 1
    [title:protected] => first
    [description:protected] => first one
    [text:protected] => text ...
    [published:protected] => 1
    [created:protected] => DateTime Object
        (
            [date] => 2016-03-04 03:03:00.000000
            [timezone_type] => 3
            [timezone] => Europe/Helsinki
        )

    [updated:protected] => DateTime Object
        (
            [date] => 2016-03-07 08:07:00.000000
            [timezone_type] => 3
            [timezone] => Europe/Helsinki
        )

)
' 1: 'A2x\BlogBundle\Entity\Post Object
(
    [id:protected] => 2
    [title:protected] => Hello new
    [description:protected] => 3123 123  123
    [text:protected] => 222222233333
23
333
    [published:protected] => 1
    [created:protected] => DateTime Object
        (
            [date] => 2016-04-15 15:23:37.000000
            [timezone_type] => 3
            [timezone] => Europe/Helsinki
        )

    [updated:protected] => DateTime Object
        (
            [date] => 2016-04-15 15:23:58.000000
            [timezone_type] => 3
            [timezone] => Europe/Helsinki
        )

)
'
2016-04-15 19:40:45: test 0: 'A2x\BlogBundle\Entity\Post Object
(
    [id:protected] => 1
    [title:protected] => first
    [description:protected] => first one
    [text:protected] => text ...
    [published:protected] => 1
    [created:protected] => DateTime Object
        (
            [date] => 2016-03-04 03:03:00.000000
            [timezone_type] => 3
            [timezone] => Europe/Helsinki
        )

    [updated:protected] => DateTime Object
        (
            [date] => 2016-03-07 08:07:00.000000
            [timezone_type] => 3
            [timezone] => Europe/Helsinki
        )

)
' 1: 'A2x\BlogBundle\Entity\Post Object
(
    [id:protected] => 2
    [title:protected] => Hello new
    [description:protected] => 3123 123  123
    [text:protected] => 222222233333
23
333
    [published:protected] => 1
    [created:protected] => DateTime Object
        (
            [date] => 2016-04-15 15:23:37.000000
            [timezone_type] => 3
            [timezone] => Europe/Helsinki
        )

    [updated:protected] => DateTime Object
        (
            [date] => 2016-04-15 15:23:58.000000
            [timezone_type] => 3
            [timezone] => Europe/Helsinki
        )

)
'
2016-04-15 19:42:33: test 0: 'A2x\BlogBundle\Entity\Post Object
(
    [id:protected] => 1
    [title:protected] => first
    [description:protected] => first one
    [text:protected] => text ...
    [published:protected] => 1
    [created:protected] => DateTime Object
        (
            [date] => 2016-03-04 03:03:00.000000
            [timezone_type] => 3
            [timezone] => Europe/Helsinki
        )

    [updated:protected] => DateTime Object
        (
            [date] => 2016-03-07 08:07:00.000000
            [timezone_type] => 3
            [timezone] => Europe/Helsinki
        )

)
' 1: 'A2x\BlogBundle\Entity\Post Object
(
    [id:protected] => 2
    [title:protected] => Hello new
    [description:protected] => 3123 123  123
    [text:protected] => 222222233333
23
333
    [published:protected] => 1
    [created:protected] => DateTime Object
        (
            [date] => 2016-04-15 15:23:37.000000
            [timezone_type] => 3
            [timezone] => Europe/Helsinki
        )

    [updated:protected] => DateTime Object
        (
            [date] => 2016-04-15 15:23:58.000000
            [timezone_type] => 3
            [timezone] => Europe/Helsinki
        )

)
'
2016-04-15 19:43:20: test 0: 'A2x\BlogBundle\Entity\Post Object
(
    [id:protected] => 1
    [title:protected] => first
    [description:protected] => first one
    [text:protected] => text ...
    [published:protected] => 1
    [created:protected] => DateTime Object
        (
            [date] => 2016-03-04 03:03:00.000000
            [timezone_type] => 3
            [timezone] => Europe/Helsinki
        )

    [updated:protected] => DateTime Object
        (
            [date] => 2016-03-07 08:07:00.000000
            [timezone_type] => 3
            [timezone] => Europe/Helsinki
        )

)
' 1: 'A2x\BlogBundle\Entity\Post Object
(
    [id:protected] => 2
    [title:protected] => Hello new
    [description:protected] => 3123 123  123
    [text:protected] => 222222233333
23
333
    [published:protected] => 1
    [created:protected] => DateTime Object
        (
            [date] => 2016-04-15 15:23:37.000000
            [timezone_type] => 3
            [timezone] => Europe/Helsinki
        )

    [updated:protected] => DateTime Object
        (
            [date] => 2016-04-15 15:23:58.000000
            [timezone_type] => 3
            [timezone] => Europe/Helsinki
        )

)
'
2016-04-15 19:44:48: test 0: 'A2x\BlogBundle\Entity\Post Object
(
    [id:protected] => 1
    [title:protected] => first
    [description:protected] => first one
    [text:protected] => text ...
    [published:protected] => 1
    [created:protected] => DateTime Object
        (
            [date] => 2016-03-04 03:03:00.000000
            [timezone_type] => 3
            [timezone] => Europe/Helsinki
        )

    [updated:protected] => DateTime Object
        (
            [date] => 2016-03-07 08:07:00.000000
            [timezone_type] => 3
            [timezone] => Europe/Helsinki
        )

)
' 1: 'A2x\BlogBundle\Entity\Post Object
(
    [id:protected] => 2
    [title:protected] => Hello new
    [description:protected] => 3123 123  123
    [text:protected] => 222222233333
23
333
    [published:protected] => 1
    [created:protected] => DateTime Object
        (
            [date] => 2016-04-15 15:23:37.000000
            [timezone_type] => 3
            [timezone] => Europe/Helsinki
        )

    [updated:protected] => DateTime Object
        (
            [date] => 2016-04-15 15:23:58.000000
            [timezone_type] => 3
            [timezone] => Europe/Helsinki
        )

)
'
2016-04-15 19:48:05: test 0: 'A2x\BlogBundle\Entity\Post Object
(
    [id:protected] => 1
    [title:protected] => first
    [description:protected] => first one
    [text:protected] => text ...
    [published:protected] => 1
    [created:protected] => DateTime Object
        (
            [date] => 2016-03-04 03:03:00.000000
            [timezone_type] => 3
            [timezone] => Europe/Helsinki
        )

    [updated:protected] => DateTime Object
        (
            [date] => 2016-03-07 08:07:00.000000
            [timezone_type] => 3
            [timezone] => Europe/Helsinki
        )

)
' 1: 'A2x\BlogBundle\Entity\Post Object
(
    [id:protected] => 2
    [title:protected] => Hello new
    [description:protected] => 3123 123  123
    [text:protected] => 222222233333
23
333
    [published:protected] => 1
    [created:protected] => DateTime Object
        (
            [date] => 2016-04-15 15:23:37.000000
            [timezone_type] => 3
            [timezone] => Europe/Helsinki
        )

    [updated:protected] => DateTime Object
        (
            [date] => 2016-04-15 15:23:58.000000
            [timezone_type] => 3
            [timezone] => Europe/Helsinki
        )

)
'
2016-04-15 19:49:11: test 0: 'A2x\BlogBundle\Entity\Post Object
(
    [id:protected] => 1
    [title:protected] => first
    [description:protected] => first one
    [text:protected] => text ...
    [published:protected] => 1
    [created:protected] => DateTime Object
        (
            [date] => 2016-03-04 03:03:00.000000
            [timezone_type] => 3
            [timezone] => Europe/Helsinki
        )

    [updated:protected] => DateTime Object
        (
            [date] => 2016-03-07 08:07:00.000000
            [timezone_type] => 3
            [timezone] => Europe/Helsinki
        )

)
' 1: 'A2x\BlogBundle\Entity\Post Object
(
    [id:protected] => 2
    [title:protected] => Hello new
    [description:protected] => 3123 123  123
    [text:protected] => 222222233333
23
333
    [published:protected] => 1
    [created:protected] => DateTime Object
        (
            [date] => 2016-04-15 15:23:37.000000
            [timezone_type] => 3
            [timezone] => Europe/Helsinki
        )

    [updated:protected] => DateTime Object
        (
            [date] => 2016-04-15 15:23:58.000000
            [timezone_type] => 3
            [timezone] => Europe/Helsinki
        )

)
'
2016-04-15 19:49:13: test 0: 'A2x\BlogBundle\Entity\Post Object
(
    [id:protected] => 1
    [title:protected] => first
    [description:protected] => first one
    [text:protected] => text ...
    [published:protected] => 1
    [created:protected] => DateTime Object
        (
            [date] => 2016-03-04 03:03:00.000000
            [timezone_type] => 3
            [timezone] => Europe/Helsinki
        )

    [updated:protected] => DateTime Object
        (
            [date] => 2016-03-07 08:07:00.000000
            [timezone_type] => 3
            [timezone] => Europe/Helsinki
        )

)
' 1: 'A2x\BlogBundle\Entity\Post Object
(
    [id:protected] => 2
    [title:protected] => Hello new
    [description:protected] => 3123 123  123
    [text:protected] => 222222233333
23
333
    [published:protected] => 1
    [created:protected] => DateTime Object
        (
            [date] => 2016-04-15 15:23:37.000000
            [timezone_type] => 3
            [timezone] => Europe/Helsinki
        )

    [updated:protected] => DateTime Object
        (
            [date] => 2016-04-15 15:23:58.000000
            [timezone_type] => 3
            [timezone] => Europe/Helsinki
        )

)
'
2016-04-15 19:51:16: test 0: 'A2x\BlogBundle\Entity\Post Object
(
    [id:protected] => 1
    [title:protected] => first
    [description:protected] => first one
    [text:protected] => text ...
    [published:protected] => 1
    [created:protected] => DateTime Object
        (
            [date] => 2016-03-04 03:03:00.000000
            [timezone_type] => 3
            [timezone] => Europe/Helsinki
        )

    [updated:protected] => DateTime Object
        (
            [date] => 2016-03-07 08:07:00.000000
            [timezone_type] => 3
            [timezone] => Europe/Helsinki
        )

)
' 1: 'A2x\BlogBundle\Entity\Post Object
(
    [id:protected] => 2
    [title:protected] => Hello new
    [description:protected] => 3123 123  123
    [text:protected] => 222222233333
23
333
    [published:protected] => 1
    [created:protected] => DateTime Object
        (
            [date] => 2016-04-15 15:23:37.000000
            [timezone_type] => 3
            [timezone] => Europe/Helsinki
        )

    [updated:protected] => DateTime Object
        (
            [date] => 2016-04-15 15:23:58.000000
            [timezone_type] => 3
            [timezone] => Europe/Helsinki
        )

)
'
2016-04-18 11:31:15: test 0: 'A2x\BlogBundle\Entity\Post Object
(
    [id:protected] => 1
    [title:protected] => first
    [description:protected] => first one
    [text:protected] => text ...
    [published:protected] => 1
    [created:protected] => DateTime Object
        (
            [date] => 2016-03-04 03:03:00.000000
            [timezone_type] => 3
            [timezone] => Europe/Helsinki
        )

    [updated:protected] => DateTime Object
        (
            [date] => 2016-03-07 08:07:00.000000
            [timezone_type] => 3
            [timezone] => Europe/Helsinki
        )

)
' 1: 'A2x\BlogBundle\Entity\Post Object
(
    [id:protected] => 2
    [title:protected] => Hello new
    [description:protected] => 3123 123  123
    [text:protected] => 222222233333
23
333
    [published:protected] => 1
    [created:protected] => DateTime Object
        (
            [date] => 2016-04-15 15:23:37.000000
            [timezone_type] => 3
            [timezone] => Europe/Helsinki
        )

    [updated:protected] => DateTime Object
        (
            [date] => 2016-04-15 15:23:58.000000
            [timezone_type] => 3
            [timezone] => Europe/Helsinki
        )

)
'
2016-04-18 11:42:14: test 0: 'A2x\BlogBundle\Entity\Post Object
(
    [id:protected] => 1
    [title:protected] => first
    [description:protected] => first one
    [text:protected] => text ...
    [published:protected] => 1
    [created:protected] => DateTime Object
        (
            [date] => 2016-03-04 03:03:00.000000
            [timezone_type] => 3
            [timezone] => Europe/Helsinki
        )

    [updated:protected] => DateTime Object
        (
            [date] => 2016-03-07 08:07:00.000000
            [timezone_type] => 3
            [timezone] => Europe/Helsinki
        )

)
' 1: 'A2x\BlogBundle\Entity\Post Object
(
    [id:protected] => 2
    [title:protected] => Hello new
    [description:protected] => 3123 123  123
    [text:protected] => 222222233333
23
333
    [published:protected] => 1
    [created:protected] => DateTime Object
        (
            [date] => 2016-04-15 15:23:37.000000
            [timezone_type] => 3
            [timezone] => Europe/Helsinki
        )

    [updated:protected] => DateTime Object
        (
            [date] => 2016-04-15 15:23:58.000000
            [timezone_type] => 3
            [timezone] => Europe/Helsinki
        )

)
'
2016-04-18 11:42:15: test 0: 'A2x\BlogBundle\Entity\Post Object
(
    [id:protected] => 1
    [title:protected] => first
    [description:protected] => first one
    [text:protected] => text ...
    [published:protected] => 1
    [created:protected] => DateTime Object
        (
            [date] => 2016-03-04 03:03:00.000000
            [timezone_type] => 3
            [timezone] => Europe/Helsinki
        )

    [updated:protected] => DateTime Object
        (
            [date] => 2016-03-07 08:07:00.000000
            [timezone_type] => 3
            [timezone] => Europe/Helsinki
        )

)
' 1: 'A2x\BlogBundle\Entity\Post Object
(
    [id:protected] => 2
    [title:protected] => Hello new
    [description:protected] => 3123 123  123
    [text:protected] => 222222233333
23
333
    [published:protected] => 1
    [created:protected] => DateTime Object
        (
            [date] => 2016-04-15 15:23:37.000000
            [timezone_type] => 3
            [timezone] => Europe/Helsinki
        )

    [updated:protected] => DateTime Object
        (
            [date] => 2016-04-15 15:23:58.000000
            [timezone_type] => 3
            [timezone] => Europe/Helsinki
        )

)
'
2016-04-18 11:42:16: test 0: 'A2x\BlogBundle\Entity\Post Object
(
    [id:protected] => 1
    [title:protected] => first
    [description:protected] => first one
    [text:protected] => text ...
    [published:protected] => 1
    [created:protected] => DateTime Object
        (
            [date] => 2016-03-04 03:03:00.000000
            [timezone_type] => 3
            [timezone] => Europe/Helsinki
        )

    [updated:protected] => DateTime Object
        (
            [date] => 2016-03-07 08:07:00.000000
            [timezone_type] => 3
            [timezone] => Europe/Helsinki
        )

)
' 1: 'A2x\BlogBundle\Entity\Post Object
(
    [id:protected] => 2
    [title:protected] => Hello new
    [description:protected] => 3123 123  123
    [text:protected] => 222222233333
23
333
    [published:protected] => 1
    [created:protected] => DateTime Object
        (
            [date] => 2016-04-15 15:23:37.000000
            [timezone_type] => 3
            [timezone] => Europe/Helsinki
        )

    [updated:protected] => DateTime Object
        (
            [date] => 2016-04-15 15:23:58.000000
            [timezone_type] => 3
            [timezone] => Europe/Helsinki
        )

)
'
2016-04-18 11:42:17: test 0: 'A2x\BlogBundle\Entity\Post Object
(
    [id:protected] => 1
    [title:protected] => first
    [description:protected] => first one
    [text:protected] => text ...
    [published:protected] => 1
    [created:protected] => DateTime Object
        (
            [date] => 2016-03-04 03:03:00.000000
            [timezone_type] => 3
            [timezone] => Europe/Helsinki
        )

    [updated:protected] => DateTime Object
        (
            [date] => 2016-03-07 08:07:00.000000
            [timezone_type] => 3
            [timezone] => Europe/Helsinki
        )

)
' 1: 'A2x\BlogBundle\Entity\Post Object
(
    [id:protected] => 2
    [title:protected] => Hello new
    [description:protected] => 3123 123  123
    [text:protected] => 222222233333
23
333
    [published:protected] => 1
    [created:protected] => DateTime Object
        (
            [date] => 2016-04-15 15:23:37.000000
            [timezone_type] => 3
            [timezone] => Europe/Helsinki
        )

    [updated:protected] => DateTime Object
        (
            [date] => 2016-04-15 15:23:58.000000
            [timezone_type] => 3
            [timezone] => Europe/Helsinki
        )

)
'
2016-04-18 14:42:20: test 0: 'A2x\BlogBundle\Entity\Post Object
(
    [id:protected] => 1
    [title:protected] => first
    [description:protected] => first one
    [text:protected] => text ...
    [published:protected] => 1
    [created:protected] => DateTime Object
        (
            [date] => 2016-03-04 03:03:00.000000
            [timezone_type] => 3
            [timezone] => Europe/Helsinki
        )

    [updated:protected] => DateTime Object
        (
            [date] => 2016-03-07 08:07:00.000000
            [timezone_type] => 3
            [timezone] => Europe/Helsinki
        )

)
' 1: 'A2x\BlogBundle\Entity\Post Object
(
    [id:protected] => 2
    [title:protected] => Hello new
    [description:protected] => 3123 123  123
    [text:protected] => 222222233333
23
333
    [published:protected] => 1
    [created:protected] => DateTime Object
        (
            [date] => 2016-04-15 15:23:37.000000
            [timezone_type] => 3
            [timezone] => Europe/Helsinki
        )

    [updated:protected] => DateTime Object
        (
            [date] => 2016-04-15 15:23:58.000000
            [timezone_type] => 3
            [timezone] => Europe/Helsinki
        )

)
'
2016-04-18 14:43:38: test 0: 'A2x\BlogBundle\Entity\Post Object
(
    [id:protected] => 1
    [title:protected] => first
    [description:protected] => first one
    [text:protected] => text ...
    [published:protected] => 1
    [created:protected] => DateTime Object
        (
            [date] => 2016-03-04 03:03:00.000000
            [timezone_type] => 3
            [timezone] => Europe/Helsinki
        )

    [updated:protected] => DateTime Object
        (
            [date] => 2016-03-07 08:07:00.000000
            [timezone_type] => 3
            [timezone] => Europe/Helsinki
        )

)
' 1: 'A2x\BlogBundle\Entity\Post Object
(
    [id:protected] => 2
    [title:protected] => Hello new
    [description:protected] => 3123 123  123
    [text:protected] => 222222233333
23
333
    [published:protected] => 1
    [created:protected] => DateTime Object
        (
            [date] => 2016-04-15 15:23:37.000000
            [timezone_type] => 3
            [timezone] => Europe/Helsinki
        )

    [updated:protected] => DateTime Object
        (
            [date] => 2016-04-15 15:23:58.000000
            [timezone_type] => 3
            [timezone] => Europe/Helsinki
        )

)
'
2016-04-18 14:48:10: test 0: 'A2x\BlogBundle\Entity\Post Object
(
    [id:protected] => 1
    [title:protected] => first
    [description:protected] => first one
    [text:protected] => text ...
    [published:protected] => 1
    [created:protected] => DateTime Object
        (
            [date] => 2016-03-04 03:03:00.000000
            [timezone_type] => 3
            [timezone] => Europe/Helsinki
        )

    [updated:protected] => DateTime Object
        (
            [date] => 2016-03-07 08:07:00.000000
            [timezone_type] => 3
            [timezone] => Europe/Helsinki
        )

)
' 1: 'A2x\BlogBundle\Entity\Post Object
(
    [id:protected] => 2
    [title:protected] => Hello new
    [description:protected] => 3123 123  123
    [text:protected] => 222222233333
23
333
    [published:protected] => 1
    [created:protected] => DateTime Object
        (
            [date] => 2016-04-15 15:23:37.000000
            [timezone_type] => 3
            [timezone] => Europe/Helsinki
        )

    [updated:protected] => DateTime Object
        (
            [date] => 2016-04-15 15:23:58.000000
            [timezone_type] => 3
            [timezone] => Europe/Helsinki
        )

)
'
2016-04-18 14:48:48: test 0: 'A2x\BlogBundle\Entity\Post Object
(
    [id:protected] => 1
    [title:protected] => first
    [description:protected] => first one
    [text:protected] => text ...
    [published:protected] => 1
    [created:protected] => DateTime Object
        (
            [date] => 2016-03-04 03:03:00.000000
            [timezone_type] => 3
            [timezone] => Europe/Helsinki
        )

    [updated:protected] => DateTime Object
        (
            [date] => 2016-03-07 08:07:00.000000
            [timezone_type] => 3
            [timezone] => Europe/Helsinki
        )

)
' 1: 'A2x\BlogBundle\Entity\Post Object
(
    [id:protected] => 2
    [title:protected] => Hello new
    [description:protected] => 3123 123  123
    [text:protected] => 222222233333
23
333
    [published:protected] => 1
    [created:protected] => DateTime Object
        (
            [date] => 2016-04-15 15:23:37.000000
            [timezone_type] => 3
            [timezone] => Europe/Helsinki
        )

    [updated:protected] => DateTime Object
        (
            [date] => 2016-04-15 15:23:58.000000
            [timezone_type] => 3
            [timezone] => Europe/Helsinki
        )

)
'
2016-04-18 15:17:02: test 0: 'A2x\BlogBundle\Entity\Post Object
(
    [id:protected] => 1
    [title:protected] => first
    [description:protected] => first one
    [text:protected] => text ...
    [published:protected] => 1
    [created:protected] => DateTime Object
        (
            [date] => 2016-03-04 03:03:00.000000
            [timezone_type] => 3
            [timezone] => Europe/Helsinki
        )

    [updated:protected] => DateTime Object
        (
            [date] => 2016-03-07 08:07:00.000000
            [timezone_type] => 3
            [timezone] => Europe/Helsinki
        )

)
' 1: 'A2x\BlogBundle\Entity\Post Object
(
    [id:protected] => 2
    [title:protected] => Hello new
    [description:protected] => 3123 123  123
    [text:protected] => 222222233333
23
333
    [published:protected] => 1
    [created:protected] => DateTime Object
        (
            [date] => 2016-04-15 15:23:37.000000
            [timezone_type] => 3
            [timezone] => Europe/Helsinki
        )

    [updated:protected] => DateTime Object
        (
            [date] => 2016-04-15 15:23:58.000000
            [timezone_type] => 3
            [timezone] => Europe/Helsinki
        )

)
'
2016-04-18 15:25:14: test 0: 'A2x\BlogBundle\Entity\Post Object
(
    [id:protected] => 1
    [title:protected] => first
    [description:protected] => first one
    [text:protected] => text ...
    [published:protected] => 1
    [created:protected] => DateTime Object
        (
            [date] => 2016-03-04 03:03:00.000000
            [timezone_type] => 3
            [timezone] => Europe/Helsinki
        )

    [updated:protected] => DateTime Object
        (
            [date] => 2016-03-07 08:07:00.000000
            [timezone_type] => 3
            [timezone] => Europe/Helsinki
        )

)
' 1: 'A2x\BlogBundle\Entity\Post Object
(
    [id:protected] => 2
    [title:protected] => Hello new
    [description:protected] => 3123 123  123
    [text:protected] => 222222233333
23
333
    [published:protected] => 1
    [created:protected] => DateTime Object
        (
            [date] => 2016-04-15 15:23:37.000000
            [timezone_type] => 3
            [timezone] => Europe/Helsinki
        )

    [updated:protected] => DateTime Object
        (
            [date] => 2016-04-15 15:23:58.000000
            [timezone_type] => 3
            [timezone] => Europe/Helsinki
        )

)
'
2016-04-18 15:25:30: test 0: 'A2x\BlogBundle\Entity\Post Object
(
    [id:protected] => 1
    [title:protected] => first
    [description:protected] => first one
    [text:protected] => text ...
    [published:protected] => 1
    [created:protected] => DateTime Object
        (
            [date] => 2016-03-04 03:03:00.000000
            [timezone_type] => 3
            [timezone] => Europe/Helsinki
        )

    [updated:protected] => DateTime Object
        (
            [date] => 2016-03-07 08:07:00.000000
            [timezone_type] => 3
            [timezone] => Europe/Helsinki
        )

)
' 1: 'A2x\BlogBundle\Entity\Post Object
(
    [id:protected] => 2
    [title:protected] => Hello new
    [description:protected] => 3123 123  123
    [text:protected] => 222222233333
23
333
    [published:protected] => 1
    [created:protected] => DateTime Object
        (
            [date] => 2016-04-15 15:23:37.000000
            [timezone_type] => 3
            [timezone] => Europe/Helsinki
        )

    [updated:protected] => DateTime Object
        (
            [date] => 2016-04-15 15:23:58.000000
            [timezone_type] => 3
            [timezone] => Europe/Helsinki
        )

)
'
2016-04-18 15:25:33: test 0: 'A2x\BlogBundle\Entity\Post Object
(
    [id:protected] => 1
    [title:protected] => first
    [description:protected] => first one
    [text:protected] => text ...
    [published:protected] => 1
    [created:protected] => DateTime Object
        (
            [date] => 2016-03-04 03:03:00.000000
            [timezone_type] => 3
            [timezone] => Europe/Helsinki
        )

    [updated:protected] => DateTime Object
        (
            [date] => 2016-03-07 08:07:00.000000
            [timezone_type] => 3
            [timezone] => Europe/Helsinki
        )

)
' 1: 'A2x\BlogBundle\Entity\Post Object
(
    [id:protected] => 2
    [title:protected] => Hello new
    [description:protected] => 3123 123  123
    [text:protected] => 222222233333
23
333
    [published:protected] => 1
    [created:protected] => DateTime Object
        (
            [date] => 2016-04-15 15:23:37.000000
            [timezone_type] => 3
            [timezone] => Europe/Helsinki
        )

    [updated:protected] => DateTime Object
        (
            [date] => 2016-04-15 15:23:58.000000
            [timezone_type] => 3
            [timezone] => Europe/Helsinki
        )

)
'
2016-04-18 15:25:57: test 0: 'A2x\BlogBundle\Entity\Post Object
(
    [id:protected] => 1
    [title:protected] => first
    [description:protected] => first one
    [text:protected] => text ...
    [published:protected] => 1
    [created:protected] => DateTime Object
        (
            [date] => 2016-03-04 03:03:00.000000
            [timezone_type] => 3
            [timezone] => Europe/Helsinki
        )

    [updated:protected] => DateTime Object
        (
            [date] => 2016-03-07 08:07:00.000000
            [timezone_type] => 3
            [timezone] => Europe/Helsinki
        )

)
' 1: 'A2x\BlogBundle\Entity\Post Object
(
    [id:protected] => 2
    [title:protected] => Hello new
    [description:protected] => 3123 123  123
    [text:protected] => 222222233333
23
333
    [published:protected] => 1
    [created:protected] => DateTime Object
        (
            [date] => 2016-04-15 15:23:37.000000
            [timezone_type] => 3
            [timezone] => Europe/Helsinki
        )

    [updated:protected] => DateTime Object
        (
            [date] => 2016-04-15 15:23:58.000000
            [timezone_type] => 3
            [timezone] => Europe/Helsinki
        )

)
'
2016-04-18 15:29:58: test 0: 'A2x\BlogBundle\Entity\Post Object
(
    [id:protected] => 1
    [title:protected] => first
    [description:protected] => first one
    [text:protected] => text ...
    [published:protected] => 1
    [created:protected] => DateTime Object
        (
            [date] => 2016-03-04 03:03:00.000000
            [timezone_type] => 3
            [timezone] => Europe/Helsinki
        )

    [updated:protected] => DateTime Object
        (
            [date] => 2016-03-07 08:07:00.000000
            [timezone_type] => 3
            [timezone] => Europe/Helsinki
        )

)
' 1: 'A2x\BlogBundle\Entity\Post Object
(
    [id:protected] => 2
    [title:protected] => Hello new
    [description:protected] => 3123 123  123
    [text:protected] => 222222233333
23
333
    [published:protected] => 1
    [created:protected] => DateTime Object
        (
            [date] => 2016-04-15 15:23:37.000000
            [timezone_type] => 3
            [timezone] => Europe/Helsinki
        )

    [updated:protected] => DateTime Object
        (
            [date] => 2016-04-15 15:23:58.000000
            [timezone_type] => 3
            [timezone] => Europe/Helsinki
        )

)
'
2016-04-18 15:29:59: test 0: 'A2x\BlogBundle\Entity\Post Object
(
    [id:protected] => 1
    [title:protected] => first
    [description:protected] => first one
    [text:protected] => text ...
    [published:protected] => 1
    [created:protected] => DateTime Object
        (
            [date] => 2016-03-04 03:03:00.000000
            [timezone_type] => 3
            [timezone] => Europe/Helsinki
        )

    [updated:protected] => DateTime Object
        (
            [date] => 2016-03-07 08:07:00.000000
            [timezone_type] => 3
            [timezone] => Europe/Helsinki
        )

)
' 1: 'A2x\BlogBundle\Entity\Post Object
(
    [id:protected] => 2
    [title:protected] => Hello new
    [description:protected] => 3123 123  123
    [text:protected] => 222222233333
23
333
    [published:protected] => 1
    [created:protected] => DateTime Object
        (
            [date] => 2016-04-15 15:23:37.000000
            [timezone_type] => 3
            [timezone] => Europe/Helsinki
        )

    [updated:protected] => DateTime Object
        (
            [date] => 2016-04-15 15:23:58.000000
            [timezone_type] => 3
            [timezone] => Europe/Helsinki
        )

)
'
2016-04-18 15:33:01: test 0: 'A2x\BlogBundle\Entity\Post Object
(
    [id:protected] => 1
    [title:protected] => first
    [description:protected] => first one
    [text:protected] => text ...
    [published:protected] => 1
    [created:protected] => DateTime Object
        (
            [date] => 2016-03-04 03:03:00.000000
            [timezone_type] => 3
            [timezone] => Europe/Helsinki
        )

    [updated:protected] => DateTime Object
        (
            [date] => 2016-03-07 08:07:00.000000
            [timezone_type] => 3
            [timezone] => Europe/Helsinki
        )

)
' 1: 'A2x\BlogBundle\Entity\Post Object
(
    [id:protected] => 2
    [title:protected] => Hello new
    [description:protected] => 3123 123  123
    [text:protected] => 222222233333
23
333
    [published:protected] => 1
    [created:protected] => DateTime Object
        (
            [date] => 2016-04-15 15:23:37.000000
            [timezone_type] => 3
            [timezone] => Europe/Helsinki
        )

    [updated:protected] => DateTime Object
        (
            [date] => 2016-04-15 15:23:58.000000
            [timezone_type] => 3
            [timezone] => Europe/Helsinki
        )

)
'
2016-04-18 15:35:13: test 0: 'A2x\BlogBundle\Entity\Post Object
(
    [id:protected] => 1
    [title:protected] => first
    [description:protected] => first one
    [text:protected] => text ...
    [published:protected] => 1
    [created:protected] => DateTime Object
        (
            [date] => 2016-03-04 03:03:00.000000
            [timezone_type] => 3
            [timezone] => Europe/Helsinki
        )

    [updated:protected] => DateTime Object
        (
            [date] => 2016-03-07 08:07:00.000000
            [timezone_type] => 3
            [timezone] => Europe/Helsinki
        )

)
' 1: 'A2x\BlogBundle\Entity\Post Object
(
    [id:protected] => 2
    [title:protected] => Hello new
    [description:protected] => 3123 123  123
    [text:protected] => 222222233333
23
333
    [published:protected] => 1
    [created:protected] => DateTime Object
        (
            [date] => 2016-04-15 15:23:37.000000
            [timezone_type] => 3
            [timezone] => Europe/Helsinki
        )

    [updated:protected] => DateTime Object
        (
            [date] => 2016-04-15 15:23:58.000000
            [timezone_type] => 3
            [timezone] => Europe/Helsinki
        )

)
'
