2016-04-15 16:08:38: test 0: 'A2x\BlogBundle\Entity\Post Object
(
    [id:protected] => 1
    [title:protected] => first
    [description:protected] => first one
    [text:protected] => text ...
    [published:protected] => 1
    [created:protected] => DateTime Object
        (
            [date] => 2016-03-04 03:03:00.000000
            [timezone_type] => 3
            [timezone] => Europe/Helsinki
        )

    [updated:protected] => DateTime Object
        (
            [date] => 2016-03-07 08:07:00.000000
            [timezone_type] => 3
            [timezone] => Europe/Helsinki
        )

)
' 1: 'A2x\BlogBundle\Entity\Post Object
(
    [id:protected] => 2
    [title:protected] => Hello new
    [description:protected] => 3123 123  123
    [text:protected] => 222222233333
23
333
    [published:protected] => 1
    [created:protected] => DateTime Object
        (
            [date] => 2016-04-15 15:23:37.000000
            [timezone_type] => 3
            [timezone] => Europe/Helsinki
        )

    [updated:protected] => DateTime Object
        (
            [date] => 2016-04-15 15:23:58.000000
            [timezone_type] => 3
            [timezone] => Europe/Helsinki
        )

)
'
